<?xml version="1.0" encoding="UTF-8"?>
<!-- Generated by org.testng.reporters.JUnitReportReporter -->
<testsuite hostname="DESKTOP-PE8Q2FD" failures="0" tests="1" name="testNGpackage.sumoTestNG" time="0.006" errors="0" timestamp="2023-05-22T10:44:19 IST" skipped="0">
  <testcase classname="testNGpackage.sumoTestNG" name="sumoMethod" time="0.006"/>
  <system-out>
    <![CDATA[Hey ..]]>
  </system-out>
</testsuite> <!-- testNGpackage.sumoTestNG -->
