<?xml version="1.0" encoding="UTF-8"?>
<!-- Generated by org.testng.reporters.JUnitReportReporter -->
<testsuite hostname="DESKTOP-PE8Q2FD" failures="0" tests="1" name="testNGpackage.demotestNG" time="0.017" errors="0" timestamp="2023-05-22T10:44:19 IST" skipped="0">
  <testcase classname="testNGpackage.demotestNG" name="f" time="0.017"/>
  <system-out>
    <![CDATA[Hey serii..]]>
  </system-out>
</testsuite> <!-- testNGpackage.demotestNG -->
