<?xml version="1.0" encoding="UTF-8"?>
<!-- Generated by org.testng.reporters.JUnitReportReporter -->
<testsuite hostname="DESKTOP-PE8Q2FD" failures="0" tests="1" name="testNGpackage2.Test1" time="30.090" errors="0" timestamp="2023-05-22T20:15:31 IST" skipped="0">
  <testcase classname="testNGpackage2.Test1" name="test1method" time="30.090"/>
  <system-out/>
</testsuite> <!-- testNGpackage2.Test1 -->
