<?xml version="1.0" encoding="UTF-8"?>
<!-- Generated by org.testng.reporters.JUnitReportReporter -->
<testsuite hostname="DESKTOP-PE8Q2FD" failures="0" tests="1" name="testNGpackage2.Test2" time="24.499" errors="0" timestamp="2023-05-22T20:15:31 IST" skipped="0">
  <testcase classname="testNGpackage2.Test2" name="test2method" time="24.499"/>
  <system-out/>
</testsuite> <!-- testNGpackage2.Test2 -->
