<?xml version="1.0" encoding="UTF-8"?>
<!-- Generated by org.testng.reporters.JUnitReportReporter -->
<testsuite hostname="DESKTOP-PE8Q2FD" failures="0" tests="1" name="testNGpackage.remoTestNG" time="0.005" errors="0" timestamp="2023-05-22T10:44:19 IST" skipped="0">
  <testcase classname="testNGpackage.remoTestNG" name="remotestNGmethod" time="0.005"/>
  <system-out>
    <![CDATA[Hey Alexa..]]>
  </system-out>
</testsuite> <!-- testNGpackage.remoTestNG -->
